<?xml version="1.0" encoding="UTF-8"?>
<!-- Generated by org.testng.reporters.JUnitReportReporter -->
<testsuite hostname="LTIN485618" failures="0" tests="2" name="TestCases.TC_003_LoginPage" time="7.733" errors="0" timestamp="2024-02-28T18:36:00 IST" skipped="0">
  <testcase classname="TestCases.TC_003_LoginPage" name="Verify_WebPage" time="0.008"/>
  <system-out/>
  <testcase classname="TestCases.TC_003_LoginPage" name="verify_Login" time="7.725"/>
  <system-out/>
</testsuite> <!-- TestCases.TC_003_LoginPage -->
