<?xml version="1.0" encoding="UTF-8"?>
<!-- Generated by org.testng.reporters.JUnitReportReporter -->
<testsuite hostname="LTIN485618" failures="0" tests="1" name="TestCases.TC_004_CheckApplication" time="0.046" errors="0" timestamp="2024-02-19T14:14:54 IST" skipped="0">
  <testcase classname="TestCases.TC_004_CheckApplication" name="verify_Application" time="0.046"/>
  <system-out/>
</testsuite> <!-- TestCases.TC_004_CheckApplication -->
