<?xml version="1.0" encoding="UTF-8"?>
<!-- Generated by org.testng.reporters.JUnitReportReporter -->
<testsuite hostname="LTIN485618" failures="0" tests="2" name="TestCases.TC_002_UsedCarsDetails" time="5.519" errors="0" timestamp="2024-02-28T18:37:54 IST" skipped="0">
  <testcase classname="TestCases.TC_002_UsedCarsDetails" name="Verify_WebPage" time="0.076"/>
  <system-out/>
  <testcase classname="TestCases.TC_002_UsedCarsDetails" name="Verify_UsedCarsDetails" time="5.443"/>
  <system-out/>
</testsuite> <!-- TestCases.TC_002_UsedCarsDetails -->
